[07:36:59] Environment Reset
[07:36:59] Action taken: NO-OP (step 0)
[07:37:04] Reward: MONEY EARNED!
[07:37:07] Action taken: LEFT(A) (step 50)
[07:37:14] Action taken: NO-OP (step 100)
[07:37:22] Action taken: LEFT(A) (step 150)
[07:37:29] Action taken: DOWN(S) (step 200)
[07:37:37] Action taken: LEFT(A) (step 250)
[07:37:44] Action taken: LEFT(A) (step 300)
[07:37:52] Action taken: LEFT_CLICK (step 350)
[07:37:59] Action taken: RIGHT_CLICK (step 400)
[07:38:07] Action taken: UP(W) (step 450)
[07:38:14] Action taken: RIGHT(D) (step 500)
[07:38:21] Action taken: NO-OP (step 550)
[07:38:29] Action taken: LEFT_CLICK (step 600)
[07:38:36] Action taken: RIGHT_CLICK (step 650)
[07:38:44] Action taken: UP(W) (step 700)
[07:38:51] Action taken: UP(W) (step 750)
[07:38:59] Action taken: RIGHT_CLICK (step 800)
[07:39:06] Action taken: DOWN(S) (step 850)
[07:39:14] Action taken: LEFT_CLICK (step 900)
[07:39:21] Action taken: UP(W) (step 950)
[07:39:29] Action taken: DOWN(S) (step 1000)
[07:39:36] Action taken: DOWN(S) (step 1050)
[07:39:43] Action taken: RIGHT(D) (step 1100)
[07:39:51] Action taken: UP(W) (step 1150)
[07:39:58] Action taken: RIGHT_CLICK (step 1200)
[07:40:06] Action taken: LEFT_CLICK (step 1250)
[07:40:13] Action taken: NO-OP (step 1300)
[07:40:21] Action taken: LEFT_CLICK (step 1350)
[07:40:28] Action taken: DOWN(S) (step 1400)
[07:40:35] Reward: MONEY EARNED!
[07:40:36] Action taken: UP(W) (step 1450)
[07:40:37] Reward: MONEY EARNED!
