[07:24:55] WARNING: Stardew Valley window not found. Defaulting to full screen.
[07:25:01] Environment Reset
[07:25:01] Action taken: UP(W) (step 0)
[07:25:07] Reward: MONEY EARNED!
[07:25:07] Reward: MONEY EARNED!
[07:25:09] Action taken: TOOL(C) (step 50)
[07:25:12] Reward: MONEY EARNED!
[07:25:12] Reward: MONEY EARNED!
[07:25:12] Reward: MONEY EARNED!
[07:25:13] Reward: MONEY EARNED!
[07:25:13] Reward: MONEY EARNED!
[07:25:13] Reward: MONEY EARNED!
[07:25:13] Reward: MONEY EARNED!
[07:25:13] Reward: MONEY EARNED!
[07:25:13] Reward: MONEY EARNED!
[07:25:13] Reward: MONEY EARNED!
[07:25:14] Reward: MONEY EARNED!
[07:25:14] Reward: MONEY EARNED!
[07:25:14] Reward: MONEY EARNED!
[07:25:14] Reward: MONEY EARNED!
[07:25:14] Reward: MONEY EARNED!
[07:25:16] Action taken: LEFT(A) (step 100)
[07:25:18] Reward: MONEY EARNED!
[07:25:21] Reward: MONEY EARNED!
[07:25:24] Action taken: LEFT(A) (step 150)
[07:25:25] Reward: MONEY EARNED!
[07:25:25] Reward: MONEY EARNED!
[07:25:30] Reward: MONEY EARNED!
[07:25:31] Reward: MONEY EARNED!
[07:25:31] Reward: MONEY EARNED!
[07:25:31] Action taken: DOWN(S) (step 200)
[07:25:31] Reward: MONEY EARNED!
[07:25:31] Reward: MONEY EARNED!
[07:25:32] Reward: MONEY EARNED!
[07:25:32] Reward: MONEY EARNED!
[07:25:32] Reward: MONEY EARNED!
[07:25:32] Reward: MONEY EARNED!
[07:25:37] Reward: MONEY EARNED!
[07:25:37] Reward: MONEY EARNED!
[07:25:39] Action taken: NO-OP (step 250)
[07:25:42] Reward: MONEY EARNED!
[07:25:43] Reward: MONEY EARNED!
[07:25:44] Reward: MONEY EARNED!
[07:25:46] Action taken: TOOL(C) (step 300)
[07:25:54] Action taken: UP(W) (step 350)
[07:26:01] Action taken: NO-OP (step 400)
[07:26:09] Action taken: UP(W) (step 450)
[07:26:16] Action taken: DOWN(S) (step 500)
[07:26:24] Action taken: TOOL(C) (step 550)
[07:26:31] Action taken: ACTION(X) (step 600)
[07:26:39] Action taken: DOWN(S) (step 650)
[07:26:46] Action taken: LEFT(A) (step 700)
[07:26:54] Action taken: RIGHT(D) (step 750)
[07:27:01] Action taken: DOWN(S) (step 800)
[07:27:08] Action taken: DOWN(S) (step 850)
[07:27:16] Action taken: DOWN(S) (step 900)
[07:27:23] Action taken: RIGHT(D) (step 950)
[07:27:31] Action taken: RIGHT(D) (step 1000)
[07:27:38] Action taken: ACTION(X) (step 1050)
[07:27:46] Action taken: RIGHT(D) (step 1100)
[07:27:53] Action taken: TOOL(C) (step 1150)
[07:28:01] Action taken: UP(W) (step 1200)
[07:28:08] Action taken: UP(W) (step 1250)
[07:28:15] Action taken: NO-OP (step 1300)
[07:28:23] Action taken: TOOL(C) (step 1350)
[07:28:30] Action taken: ACTION(X) (step 1400)
[07:28:38] Action taken: DOWN(S) (step 1450)
[07:28:45] Action taken: RIGHT(D) (step 1500)
[07:28:53] Action taken: ACTION(X) (step 1550)
[07:29:00] Action taken: LEFT(A) (step 1600)
[07:29:08] Action taken: DOWN(S) (step 1650)
[07:29:15] Action taken: NO-OP (step 1700)
[07:29:22] Action taken: TOOL(C) (step 1750)
[07:29:30] Action taken: UP(W) (step 1800)
[07:29:37] Action taken: UP(W) (step 1850)
[07:29:45] Action taken: TOOL(C) (step 1900)
[07:29:52] Action taken: RIGHT(D) (step 1950)
[07:30:00] Action taken: UP(W) (step 2000)
[07:30:06] Reward: MONEY EARNED!
