[07:44:52] Focused game window: Stardew Valley
[07:44:58] Environment Reset
[07:44:58] Focused game window: Stardew Valley
[07:44:58] Action taken: UP(W) (step 0)
[07:45:06] Action taken: LEFT_CLICK (step 50)
[07:45:13] Focused game window: Stardew Valley
[07:45:13] Action taken: RIGHT_CLICK (step 100)
[07:45:21] Action taken: DOWN(S) (step 150)
[07:45:28] Focused game window: Stardew Valley
[07:45:28] Action taken: UP(W) (step 200)
[07:45:36] Action taken: RIGHT(D) (step 250)
[07:45:43] Focused game window: Stardew Valley
[07:45:43] Action taken: NO-OP (step 300)
[07:45:51] Action taken: RIGHT_CLICK (step 350)
[07:45:58] Focused game window: Stardew Valley
[07:45:59] Action taken: LEFT_CLICK (step 400)
[07:46:06] Action taken: DOWN(S) (step 450)
[07:46:13] Focused game window: Stardew Valley
[07:46:14] Action taken: LEFT_CLICK (step 500)
[07:46:21] Action taken: NO-OP (step 550)
[07:46:29] Focused game window: Stardew Valley
[07:46:29] Action taken: LEFT_CLICK (step 600)
[07:46:36] Action taken: RIGHT_CLICK (step 650)
[07:46:44] Focused game window: Stardew Valley
[07:46:44] Action taken: LEFT_CLICK (step 700)
[07:46:51] Action taken: LEFT(A) (step 750)
[07:46:59] Focused game window: Stardew Valley
[07:46:59] Action taken: RIGHT_CLICK (step 800)
[07:47:06] Action taken: LEFT(A) (step 850)
[07:47:14] Focused game window: Stardew Valley
[07:47:14] Action taken: RIGHT(D) (step 900)
[07:47:21] Action taken: RIGHT_CLICK (step 950)
[07:47:29] Focused game window: Stardew Valley
[07:47:29] Action taken: UP(W) (step 1000)
[07:47:32] Reward: MONEY EARNED!
[07:47:33] Reward: MONEY EARNED!
