[07:58:48] Focused game window: Stardew Valley
[07:58:54] Environment Reset
[07:58:54] Focused game window: Stardew Valley
[07:58:55] Action taken: RIGHT_CLICK (step 0)
[07:58:58] Reward: MONEY EARNED!
[07:59:03] Action taken: RIGHT_CLICK (step 50)
[07:59:11] Focused game window: Stardew Valley
[07:59:12] Action taken: UP(W) (step 100)
[07:59:20] Action taken: DOWN(S) (step 150)
[07:59:28] Focused game window: Stardew Valley
[07:59:29] Action taken: NO-OP (step 200)
[07:59:37] Action taken: UP(W) (step 250)
[07:59:45] Focused game window: Stardew Valley
[07:59:46] Action taken: DOWN(S) (step 300)
[07:59:54] Action taken: DOWN(S) (step 350)
[08:00:02] Focused game window: Stardew Valley
[08:00:03] Action taken: LEFT_CLICK (step 400)
[08:00:11] Action taken: RIGHT_CLICK (step 450)
[08:00:19] Focused game window: Stardew Valley
[08:00:20] Action taken: LEFT(A) (step 500)
[08:00:28] Action taken: NO-OP (step 550)
[08:00:36] Focused game window: Stardew Valley
[08:00:36] Action taken: LEFT_CLICK (step 600)
[08:00:45] Action taken: DOWN(S) (step 650)
[08:00:53] Focused game window: Stardew Valley
[08:00:53] Action taken: RIGHT_CLICK (step 700)
[08:01:00] Reward: MONEY EARNED!
[08:01:02] Action taken: UP(W) (step 750)
