[08:41:57] Focused game window: Stardew Valley
[08:42:03] Environment Reset
[08:42:03] Focused game window: Stardew Valley
[08:42:03] Action taken: MOUSE_UP (step 0)
[08:42:05] Reward: MONEY EARNED!
[08:42:06] Reward: MONEY EARNED!
[08:42:11] Reward: MONEY EARNED!
[08:42:11] Action taken: MOUSE_RIGHT (step 50)
[08:42:20] Focused game window: Stardew Valley
[08:42:20] Action taken: NO-OP (step 100)
[08:42:28] Action taken: MOUSE_LEFT (step 150)
[08:42:36] Focused game window: Stardew Valley
[08:42:36] Action taken: LEFT_CLICK (step 200)
[08:42:42] Reward: MONEY EARNED!
[08:42:43] Reward: MONEY EARNED!
[08:42:43] Reward: MONEY EARNED!
[08:42:43] Reward: MONEY EARNED!
[08:42:44] Reward: MONEY EARNED!
[08:42:44] Action taken: UP(W) (step 250)
[08:42:46] Reward: MONEY EARNED!
[08:42:46] Reward: MONEY EARNED!
[08:42:46] Reward: MONEY EARNED!
[08:42:46] Reward: MONEY EARNED!
[08:42:46] Reward: MONEY EARNED!
[08:42:47] Reward: MONEY EARNED!
[08:42:47] Reward: MONEY EARNED!
[08:42:53] Focused game window: Stardew Valley
[08:42:53] Action taken: NO-OP (step 300)
[08:43:01] Action taken: LEFT(A) (step 350)
[08:43:09] Focused game window: Stardew Valley
[08:43:09] Action taken: RIGHT_CLICK (step 400)
[08:43:17] Action taken: DOWN(S) (step 450)
[08:43:25] Focused game window: Stardew Valley
[08:43:26] Action taken: RIGHT_CLICK (step 500)
[08:43:34] Action taken: MOUSE_LEFT (step 550)
[08:43:42] Focused game window: Stardew Valley
[08:43:42] Action taken: RIGHT(D) (step 600)
[08:43:50] Action taken: MOUSE_RIGHT (step 650)
[08:43:58] Focused game window: Stardew Valley
[08:43:58] Action taken: LEFT_CLICK (step 700)
[08:44:06] Action taken: NO-OP (step 750)
[08:44:14] Focused game window: Stardew Valley
[08:44:14] Action taken: LEFT(A) (step 800)
[08:44:22] Action taken: RIGHT(D) (step 850)
[08:44:30] Focused game window: Stardew Valley
[08:44:31] Action taken: DOWN(S) (step 900)
[08:44:39] Action taken: RIGHT(D) (step 950)
[08:44:47] Focused game window: Stardew Valley
[08:44:47] Action taken: LEFT(A) (step 1000)
[08:44:55] Action taken: UP(W) (step 1050)
[08:45:03] Focused game window: Stardew Valley
[08:45:03] Action taken: LEFT(A) (step 1100)
[08:45:11] Action taken: LEFT_CLICK (step 1150)
[08:45:19] Focused game window: Stardew Valley
[08:45:19] Action taken: MOUSE_UP (step 1200)
[08:45:27] Action taken: UP(W) (step 1250)
[08:45:35] Focused game window: Stardew Valley
[08:45:36] Action taken: MOUSE_LEFT (step 1300)
[08:45:44] Action taken: RIGHT(D) (step 1350)
[08:45:52] Focused game window: Stardew Valley
[08:45:52] Action taken: RIGHT(D) (step 1400)
[08:46:00] Action taken: RIGHT_CLICK (step 1450)
[08:46:08] Focused game window: Stardew Valley
[08:46:09] Action taken: UP(W) (step 1500)
[08:46:17] Action taken: UP(W) (step 1550)
[08:46:25] Focused game window: Stardew Valley
[08:46:25] Action taken: LEFT_CLICK (step 1600)
[08:46:33] Action taken: DOWN(S) (step 1650)
[08:46:41] Focused game window: Stardew Valley
[08:46:41] Action taken: DOWN(S) (step 1700)
[08:46:49] Action taken: MOUSE_UP (step 1750)
[08:46:57] Focused game window: Stardew Valley
[08:46:57] Action taken: LEFT_CLICK (step 1800)
[08:47:05] Action taken: RIGHT(D) (step 1850)
[08:47:13] Focused game window: Stardew Valley
[08:47:13] Action taken: NO-OP (step 1900)
[08:47:21] Action taken: LEFT(A) (step 1950)
[08:47:29] Focused game window: Stardew Valley
[08:47:30] Action taken: LEFT_CLICK (step 2000)
