[08:12:15] Focused game window: Stardew Valley
[08:12:21] Environment Reset
[08:12:21] Focused game window: Stardew Valley
[08:12:22] Action taken: LEFT_CLICK (step 0)
[08:12:30] Action taken: NO-OP (step 50)
[08:12:38] Focused game window: Stardew Valley
[08:12:39] Action taken: DOWN(S) (step 100)
[08:12:47] Action taken: RIGHT_CLICK (step 150)
[08:12:55] Focused game window: Stardew Valley
[08:12:56] Action taken: RIGHT_CLICK (step 200)
[08:13:04] Action taken: NO-OP (step 250)
[08:13:12] Focused game window: Stardew Valley
[08:13:13] Action taken: RIGHT(D) (step 300)
[08:13:21] Action taken: DOWN(S) (step 350)
[08:13:29] Focused game window: Stardew Valley
[08:13:30] Action taken: LEFT(A) (step 400)
[08:13:38] Action taken: NO-OP (step 450)
[08:13:46] Focused game window: Stardew Valley
[08:13:46] Action taken: NO-OP (step 500)
[08:13:55] Action taken: RIGHT(D) (step 550)
[08:14:03] Focused game window: Stardew Valley
[08:14:03] Action taken: RIGHT(D) (step 600)
[08:14:12] Action taken: LEFT_CLICK (step 650)
[08:14:20] Focused game window: Stardew Valley
[08:14:21] Action taken: LEFT_CLICK (step 700)
[08:14:29] Action taken: RIGHT(D) (step 750)
[08:14:38] Focused game window: Stardew Valley
[08:14:38] Action taken: LEFT_CLICK (step 800)
[08:14:46] Action taken: LEFT_CLICK (step 850)
[08:14:55] Focused game window: Stardew Valley
[08:14:55] Action taken: NO-OP (step 900)
[08:15:03] Action taken: LEFT_CLICK (step 950)
[08:15:12] Focused game window: Stardew Valley
[08:15:12] Action taken: DOWN(S) (step 1000)
[08:15:20] Action taken: LEFT(A) (step 1050)
[08:15:28] Focused game window: Stardew Valley
[08:15:29] Action taken: LEFT(A) (step 1100)
[08:15:37] Action taken: UP(W) (step 1150)
[08:15:45] Focused game window: Stardew Valley
[08:15:46] Action taken: LEFT_CLICK (step 1200)
[08:15:54] Action taken: UP(W) (step 1250)
[08:16:03] Focused game window: Stardew Valley
[08:16:03] Action taken: LEFT(A) (step 1300)
[08:16:11] Action taken: RIGHT_CLICK (step 1350)
[08:16:20] Focused game window: Stardew Valley
[08:16:20] Action taken: LEFT_CLICK (step 1400)
[08:16:29] Action taken: RIGHT_CLICK (step 1450)
[08:16:37] Focused game window: Stardew Valley
[08:16:37] Action taken: RIGHT_CLICK (step 1500)
[08:16:46] Action taken: LEFT_CLICK (step 1550)
[08:16:54] Focused game window: Stardew Valley
[08:16:54] Action taken: DOWN(S) (step 1600)
[08:17:03] Action taken: NO-OP (step 1650)
[08:17:11] Focused game window: Stardew Valley
[08:17:12] Action taken: NO-OP (step 1700)
[08:17:20] Action taken: NO-OP (step 1750)
[08:17:28] Focused game window: Stardew Valley
[08:17:28] Action taken: RIGHT_CLICK (step 1800)
[08:17:37] Action taken: RIGHT_CLICK (step 1850)
[08:17:45] Focused game window: Stardew Valley
[08:17:45] Action taken: UP(W) (step 1900)
[08:17:54] Action taken: NO-OP (step 1950)
[08:18:02] Focused game window: Stardew Valley
[08:18:02] Action taken: NO-OP (step 2000)
[08:19:04] Action taken: RIGHT(D) (step 2050)
[08:19:12] Focused game window: Stardew Valley
[08:19:13] Action taken: LEFT(A) (step 2100)
[08:19:21] Action taken: LEFT(A) (step 2150)
[08:19:29] Focused game window: Stardew Valley
[08:19:29] Action taken: UP(W) (step 2200)
[08:19:38] Action taken: RIGHT(D) (step 2250)
[08:19:46] Focused game window: Stardew Valley
[08:19:46] Action taken: NO-OP (step 2300)
[08:19:55] Action taken: UP(W) (step 2350)
[08:20:03] Focused game window: Stardew Valley
[08:20:04] Action taken: RIGHT_CLICK (step 2400)
[08:20:12] Action taken: DOWN(S) (step 2450)
[08:20:20] Focused game window: Stardew Valley
[08:20:21] Action taken: DOWN(S) (step 2500)
[08:20:29] Action taken: NO-OP (step 2550)
[08:20:37] Focused game window: Stardew Valley
[08:20:37] Action taken: DOWN(S) (step 2600)
[08:20:46] Action taken: LEFT(A) (step 2650)
[08:20:54] Focused game window: Stardew Valley
[08:20:54] Action taken: NO-OP (step 2700)
[08:21:03] Action taken: RIGHT_CLICK (step 2750)
[08:21:11] Focused game window: Stardew Valley
[08:21:11] Action taken: RIGHT_CLICK (step 2800)
[08:21:20] Action taken: NO-OP (step 2850)
[08:21:28] Focused game window: Stardew Valley
[08:21:28] Action taken: LEFT(A) (step 2900)
[08:21:37] Action taken: LEFT(A) (step 2950)
[08:21:45] Focused game window: Stardew Valley
[08:21:45] Action taken: RIGHT_CLICK (step 3000)
[08:21:54] Action taken: LEFT(A) (step 3050)
[08:22:02] Focused game window: Stardew Valley
[08:22:02] Action taken: LEFT(A) (step 3100)
[08:22:11] Action taken: LEFT_CLICK (step 3150)
[08:22:19] Focused game window: Stardew Valley
[08:22:19] Action taken: RIGHT(D) (step 3200)
[08:22:27] Action taken: LEFT(A) (step 3250)
[08:22:36] Focused game window: Stardew Valley
[08:22:36] Action taken: RIGHT_CLICK (step 3300)
[08:22:44] Action taken: LEFT(A) (step 3350)
[08:22:53] Focused game window: Stardew Valley
[08:22:53] Action taken: NO-OP (step 3400)
[08:23:01] Action taken: UP(W) (step 3450)
[08:23:10] Focused game window: Stardew Valley
[08:23:10] Action taken: RIGHT(D) (step 3500)
[08:23:18] Action taken: LEFT(A) (step 3550)
[08:23:26] Focused game window: Stardew Valley
[08:23:27] Action taken: DOWN(S) (step 3600)
[08:23:35] Action taken: UP(W) (step 3650)
[08:23:44] Focused game window: Stardew Valley
[08:23:44] Action taken: RIGHT(D) (step 3700)
[08:23:52] Action taken: RIGHT_CLICK (step 3750)
[08:24:00] Focused game window: Stardew Valley
[08:24:01] Action taken: RIGHT_CLICK (step 3800)
[08:24:09] Action taken: NO-OP (step 3850)
[08:24:17] Focused game window: Stardew Valley
[08:24:18] Action taken: UP(W) (step 3900)
[08:24:26] Action taken: RIGHT(D) (step 3950)
[08:24:34] Focused game window: Stardew Valley
[08:24:35] Action taken: NO-OP (step 4000)
[08:24:43] Action taken: RIGHT_CLICK (step 4050)
[08:25:45] Focused game window: Stardew Valley
[08:25:45] Action taken: NO-OP (step 4100)
[08:25:53] Action taken: RIGHT_CLICK (step 4150)
[08:26:02] Focused game window: Stardew Valley
[08:26:02] Action taken: DOWN(S) (step 4200)
[08:26:10] Action taken: UP(W) (step 4250)
[08:26:19] Focused game window: Stardew Valley
[08:26:19] Action taken: UP(W) (step 4300)
[08:26:27] Action taken: UP(W) (step 4350)
[08:26:36] Focused game window: Stardew Valley
[08:26:36] Action taken: DOWN(S) (step 4400)
[08:26:44] Action taken: RIGHT(D) (step 4450)
[08:26:53] Focused game window: Stardew Valley
[08:26:53] Action taken: UP(W) (step 4500)
[08:27:01] Action taken: RIGHT(D) (step 4550)
[08:27:10] Focused game window: Stardew Valley
[08:27:10] Action taken: RIGHT_CLICK (step 4600)
[08:27:18] Action taken: RIGHT_CLICK (step 4650)
[08:27:27] Focused game window: Stardew Valley
[08:27:27] Action taken: LEFT_CLICK (step 4700)
[08:27:29] Reward: MONEY EARNED!
[08:27:29] Reward: MONEY EARNED!
[08:27:30] Reward: MONEY EARNED!
[08:27:30] Reward: MONEY EARNED!
[08:27:30] Reward: MONEY EARNED!
[08:27:35] Action taken: RIGHT(D) (step 4750)
[08:27:44] Focused game window: Stardew Valley
[08:27:44] Action taken: LEFT(A) (step 4800)
[08:27:52] Action taken: RIGHT(D) (step 4850)
[08:28:01] Focused game window: Stardew Valley
[08:28:01] Action taken: RIGHT(D) (step 4900)
[08:28:09] Action taken: RIGHT(D) (step 4950)
[08:28:17] Focused game window: Stardew Valley
[08:28:18] Action taken: LEFT_CLICK (step 5000)
[08:28:26] Action taken: LEFT_CLICK (step 5050)
[08:28:35] Focused game window: Stardew Valley
[08:28:35] Action taken: UP(W) (step 5100)
[08:28:43] Action taken: RIGHT_CLICK (step 5150)
[08:28:51] Focused game window: Stardew Valley
[08:28:52] Action taken: LEFT_CLICK (step 5200)
[08:29:00] Action taken: RIGHT_CLICK (step 5250)
[08:29:08] Focused game window: Stardew Valley
[08:29:09] Action taken: DOWN(S) (step 5300)
[08:29:17] Action taken: LEFT(A) (step 5350)
[08:29:25] Focused game window: Stardew Valley
[08:29:26] Action taken: NO-OP (step 5400)
[08:29:34] Action taken: LEFT_CLICK (step 5450)
[08:29:42] Focused game window: Stardew Valley
[08:29:43] Action taken: RIGHT(D) (step 5500)
[08:29:51] Action taken: UP(W) (step 5550)
[08:29:59] Focused game window: Stardew Valley
[08:30:00] Action taken: RIGHT_CLICK (step 5600)
[08:30:08] Action taken: UP(W) (step 5650)
[08:30:16] Focused game window: Stardew Valley
[08:30:16] Action taken: RIGHT(D) (step 5700)
[08:30:25] Action taken: UP(W) (step 5750)
[08:30:33] Focused game window: Stardew Valley
[08:30:33] Action taken: UP(W) (step 5800)
[08:30:42] Action taken: RIGHT(D) (step 5850)
[08:30:50] Focused game window: Stardew Valley
[08:30:50] Action taken: RIGHT_CLICK (step 5900)
[08:30:59] Action taken: RIGHT_CLICK (step 5950)
[08:31:07] Focused game window: Stardew Valley
[08:31:08] Action taken: LEFT(A) (step 6000)
[08:31:16] Action taken: DOWN(S) (step 6050)
[08:31:24] Focused game window: Stardew Valley
[08:31:24] Action taken: NO-OP (step 6100)
[08:32:24] Action taken: RIGHT(D) (step 6150)
[08:32:33] Focused game window: Stardew Valley
[08:32:33] Action taken: DOWN(S) (step 6200)
[08:32:41] Action taken: NO-OP (step 6250)
[08:32:50] Focused game window: Stardew Valley
[08:32:50] Action taken: NO-OP (step 6300)
[08:32:58] Action taken: NO-OP (step 6350)
[08:33:07] Focused game window: Stardew Valley
[08:33:07] Action taken: RIGHT_CLICK (step 6400)
[08:33:15] Action taken: RIGHT_CLICK (step 6450)
[08:33:23] Focused game window: Stardew Valley
[08:33:24] Action taken: NO-OP (step 6500)
[08:33:32] Action taken: NO-OP (step 6550)
[08:33:40] Focused game window: Stardew Valley
[08:33:41] Action taken: RIGHT_CLICK (step 6600)
[08:33:49] Action taken: UP(W) (step 6650)
[08:33:57] Focused game window: Stardew Valley
[08:33:58] Action taken: RIGHT_CLICK (step 6700)
[08:34:06] Action taken: LEFT_CLICK (step 6750)
[08:34:15] Focused game window: Stardew Valley
[08:34:15] Action taken: RIGHT(D) (step 6800)
[08:34:23] Action taken: RIGHT(D) (step 6850)
[08:34:31] Focused game window: Stardew Valley
[08:34:32] Action taken: LEFT(A) (step 6900)
[08:34:40] Action taken: NO-OP (step 6950)
[08:34:41] Reward: MONEY EARNED!
[08:34:42] Reward: MONEY EARNED!
[08:34:44] Reward: MONEY EARNED!
[08:34:44] Reward: MONEY EARNED!
[08:34:44] Reward: MONEY EARNED!
[08:34:45] Reward: MONEY EARNED!
[08:34:45] Reward: MONEY EARNED!
[08:34:45] Reward: MONEY EARNED!
[08:34:49] Focused game window: Stardew Valley
[08:34:49] Action taken: NO-OP (step 7000)
[08:34:57] Action taken: LEFT_CLICK (step 7050)
[08:35:06] Focused game window: Stardew Valley
[08:35:06] Action taken: UP(W) (step 7100)
